1604945985168	geckodriver	INFO	Listening on 127.0.0.1:59343
1604945988261	mozrunner::runner	INFO	Running command: "C:\\Program Files\\Mozilla Firefox\\firefox.exe" "--marionette" "-foreground" "-no-remote" "-profile" "C:\\Users\\Eduard\\AppData\\Local\\Temp\\rust_mozprofileuemRmH"
Can't find symbol 'eglSwapBuffersWithDamageEXT'.
JavaScript error: resource://gre/modules/XULStore.jsm, line 66: Error: Can't find profile directory.
console.warn: SearchSettings: "get: No settings file exists, new profile?" (new Error("", "(unknown module)"))
1604945992197	Marionette	INFO	Listening on port 59352
1604945992475	Marionette	WARN	TLS certificate errors will be ignored for this session
1604946013165	Marionette	INFO	Stopped listening on port 59352

###!!! [Child][RunMessage] Error: Channel closing: too late to send/recv, messages will be lost


###!!! [Child][MessageChannel::SendAndWait] Error: Channel error: cannot send/recv

1604946071030	geckodriver	INFO	Listening on 127.0.0.1:59429
1604946074124	mozrunner::runner	INFO	Running command: "C:\\Program Files\\Mozilla Firefox\\firefox.exe" "--marionette" "-foreground" "-no-remote" "-profile" "C:\\Users\\Eduard\\AppData\\Local\\Temp\\rust_mozprofileuYzxm3"
Can't find symbol 'eglSwapBuffersWithDamageEXT'.
JavaScript error: resource://gre/modules/XULStore.jsm, line 66: Error: Can't find profile directory.
console.warn: SearchSettings: "get: No settings file exists, new profile?" (new Error("", "(unknown module)"))
1604946077868	Marionette	INFO	Listening on port 59438
1604946078311	Marionette	WARN	TLS certificate errors will be ignored for this session
1604946092869	Marionette	INFO	Stopped listening on port 59438

###!!! [Child][RunMessage] Error: Channel closing: too late to send/recv, messages will be lost


###!!! [Child][MessageChannel::SendAndWait] Error: Channel error: cannot send/recv

1604946182147	geckodriver	INFO	Listening on 127.0.0.1:59522
1604946185240	mozrunner::runner	INFO	Running command: "C:\\Program Files\\Mozilla Firefox\\firefox.exe" "--marionette" "-foreground" "-no-remote" "-profile" "C:\\Users\\Eduard\\AppData\\Local\\Temp\\rust_mozprofilezsM7YQ"
Can't find symbol 'eglSwapBuffersWithDamageEXT'.
JavaScript error: resource://gre/modules/XULStore.jsm, line 66: Error: Can't find profile directory.
console.warn: SearchSettings: "get: No settings file exists, new profile?" (new Error("", "(unknown module)"))
1604946189120	Marionette	INFO	Listening on port 59531
1604946189448	Marionette	WARN	TLS certificate errors will be ignored for this session
1604946204157	Marionette	INFO	Stopped listening on port 59531

###!!! [Child][RunMessage] Error: Channel closing: too late to send/recv, messages will be lost


###!!! [Child][MessageChannel::SendAndWait] Error: Channel error: cannot send/recv

1604947094970	geckodriver	INFO	Listening on 127.0.0.1:60020
1604947098063	mozrunner::runner	INFO	Running command: "C:\\Program Files\\Mozilla Firefox\\firefox.exe" "--marionette" "-foreground" "-no-remote" "-profile" "C:\\Users\\Eduard\\AppData\\Local\\Temp\\rust_mozprofileiNwvvZ"
Can't find symbol 'eglSwapBuffersWithDamageEXT'.
JavaScript error: resource://gre/modules/XULStore.jsm, line 66: Error: Can't find profile directory.
console.warn: SearchSettings: "get: No settings file exists, new profile?" (new Error("", "(unknown module)"))
1604947101858	Marionette	INFO	Listening on port 60029
1604947102260	Marionette	WARN	TLS certificate errors will be ignored for this session
1604947104812	Marionette	INFO	Stopped listening on port 60029

###!!! [Child][RunMessage] Error: Channel closing: too late to send/recv, messages will be lost


###!!! [Child][MessageChannel::SendAndWait] Error: Channel error: cannot send/recv

1604947110350	geckodriver	INFO	Listening on 127.0.0.1:60077
1604947113443	mozrunner::runner	INFO	Running command: "C:\\Program Files\\Mozilla Firefox\\firefox.exe" "--marionette" "-foreground" "-no-remote" "-profile" "C:\\Users\\Eduard\\AppData\\Local\\Temp\\rust_mozprofileJGTg2I"
Can't find symbol 'eglSwapBuffersWithDamageEXT'.
JavaScript error: resource://gre/modules/XULStore.jsm, line 66: Error: Can't find profile directory.
console.warn: SearchSettings: "get: No settings file exists, new profile?" (new Error("", "(unknown module)"))
1604947117219	Marionette	INFO	Listening on port 60087
1604947117690	Marionette	WARN	TLS certificate errors will be ignored for this session
1604947138363	Marionette	INFO	Stopped listening on port 60087

###!!! [Child][RunMessage] Error: Channel closing: too late to send/recv, messages will be lost


###!!! [Child][MessageChannel::SendAndWait] Error: Channel error: cannot send/recv

1604947218022	geckodriver	INFO	Listening on 127.0.0.1:60157
1604947221115	mozrunner::runner	INFO	Running command: "C:\\Program Files\\Mozilla Firefox\\firefox.exe" "--marionette" "-foreground" "-no-remote" "-profile" "C:\\Users\\Eduard\\AppData\\Local\\Temp\\rust_mozprofiletFBOhR"
Can't find symbol 'eglSwapBuffersWithDamageEXT'.
JavaScript error: resource://gre/modules/XULStore.jsm, line 66: Error: Can't find profile directory.
console.warn: SearchSettings: "get: No settings file exists, new profile?" (new Error("", "(unknown module)"))
1604947224917	Marionette	INFO	Listening on port 60165
1604947225325	Marionette	WARN	TLS certificate errors will be ignored for this session
1604947246212	Marionette	INFO	Stopped listening on port 60165

###!!! [Child][RunMessage] Error: Channel closing: too late to send/recv, messages will be lost


###!!! [Child][MessageChannel::SendAndWait] Error: Channel error: cannot send/recv

1604947322894	geckodriver	INFO	Listening on 127.0.0.1:60206
1604947325987	mozrunner::runner	INFO	Running command: "C:\\Program Files\\Mozilla Firefox\\firefox.exe" "--marionette" "-foreground" "-no-remote" "-profile" "C:\\Users\\Eduard\\AppData\\Local\\Temp\\rust_mozprofileKbN3hA"
Can't find symbol 'eglSwapBuffersWithDamageEXT'.
JavaScript error: resource://gre/modules/XULStore.jsm, line 66: Error: Can't find profile directory.
console.warn: SearchSettings: "get: No settings file exists, new profile?" (new Error("", "(unknown module)"))
1604947329863	Marionette	INFO	Listening on port 60214
1604947330197	Marionette	WARN	TLS certificate errors will be ignored for this session
1604947339136	Marionette	INFO	Stopped listening on port 60214

###!!! [Child][RunMessage] Error: Channel closing: too late to send/recv, messages will be lost


###!!! [Child][MessageChannel::SendAndWait] Error: Channel error: cannot send/recv

1604947568277	geckodriver	INFO	Listening on 127.0.0.1:60282
1604947571345	mozrunner::runner	INFO	Running command: "C:\\Program Files\\Mozilla Firefox\\firefox.exe" "--marionette" "-foreground" "-no-remote" "-profile" "C:\\Users\\Eduard\\AppData\\Local\\Temp\\rust_mozprofileTudiMR"
Can't find symbol 'eglSwapBuffersWithDamageEXT'.
JavaScript error: resource://gre/modules/XULStore.jsm, line 66: Error: Can't find profile directory.
console.warn: SearchSettings: "get: No settings file exists, new profile?" (new Error("", "(unknown module)"))
1604947575172	Marionette	INFO	Listening on port 60290
1604947575541	Marionette	WARN	TLS certificate errors will be ignored for this session
1604947583115	Marionette	INFO	Stopped listening on port 60290

###!!! [Child][RunMessage] Error: Channel closing: too late to send/recv, messages will be lost


###!!! [Child][MessageChannel::SendAndWait] Error: Channel error: cannot send/recv

1604947608066	geckodriver	INFO	Listening on 127.0.0.1:60331
1604947611159	mozrunner::runner	INFO	Running command: "C:\\Program Files\\Mozilla Firefox\\firefox.exe" "--marionette" "-foreground" "-no-remote" "-profile" "C:\\Users\\Eduard\\AppData\\Local\\Temp\\rust_mozprofileRP0PAr"
Can't find symbol 'eglSwapBuffersWithDamageEXT'.
JavaScript error: resource://gre/modules/XULStore.jsm, line 66: Error: Can't find profile directory.
console.warn: SearchSettings: "get: No settings file exists, new profile?" (new Error("", "(unknown module)"))
1604947615056	Marionette	INFO	Listening on port 60339
1604947615362	Marionette	WARN	TLS certificate errors will be ignored for this session
1604947635937	Marionette	INFO	Stopped listening on port 60339

###!!! [Child][RunMessage] Error: Channel closing: too late to send/recv, messages will be lost


###!!! [Child][MessageChannel::SendAndWait] Error: Channel error: cannot send/recv

1604947712046	geckodriver	INFO	Listening on 127.0.0.1:60381
1604947715139	mozrunner::runner	INFO	Running command: "C:\\Program Files\\Mozilla Firefox\\firefox.exe" "--marionette" "-foreground" "-no-remote" "-profile" "C:\\Users\\Eduard\\AppData\\Local\\Temp\\rust_mozprofileLxcGr7"
Can't find symbol 'eglSwapBuffersWithDamageEXT'.
JavaScript error: resource://gre/modules/XULStore.jsm, line 66: Error: Can't find profile directory.
console.warn: SearchSettings: "get: No settings file exists, new profile?" (new Error("", "(unknown module)"))
1604947718942	Marionette	INFO	Listening on port 60389
1604947719349	Marionette	WARN	TLS certificate errors will be ignored for this session
1604947740684	Marionette	INFO	Stopped listening on port 60389

###!!! [Child][RunMessage] Error: Channel closing: too late to send/recv, messages will be lost


###!!! [Child][MessageChannel::SendAndWait] Error: Channel error: cannot send/recv

1604947882867	geckodriver	INFO	Listening on 127.0.0.1:60438
1604947885960	mozrunner::runner	INFO	Running command: "C:\\Program Files\\Mozilla Firefox\\firefox.exe" "--marionette" "-foreground" "-no-remote" "-profile" "C:\\Users\\Eduard\\AppData\\Local\\Temp\\rust_mozprofileToGJZB"
Can't find symbol 'eglSwapBuffersWithDamageEXT'.
JavaScript error: resource://gre/modules/XULStore.jsm, line 66: Error: Can't find profile directory.
console.warn: SearchSettings: "get: No settings file exists, new profile?" (new Error("", "(unknown module)"))
1604947889790	Marionette	INFO	Listening on port 60446
1604947890153	Marionette	WARN	TLS certificate errors will be ignored for this session
1604948082967	Marionette	INFO	Stopped listening on port 60446

###!!! [Child][RunMessage] Error: Channel closing: too late to send/recv, messages will be lost


###!!! [Child][MessageChannel::SendAndWait] Error: Channel error: cannot send/recv

1604948105759	geckodriver	INFO	Listening on 127.0.0.1:60492
1604948108838	mozrunner::runner	INFO	Running command: "C:\\Program Files\\Mozilla Firefox\\firefox.exe" "--marionette" "-foreground" "-no-remote" "-profile" "C:\\Users\\Eduard\\AppData\\Local\\Temp\\rust_mozprofilecVAs4n"
Can't find symbol 'eglSwapBuffersWithDamageEXT'.
JavaScript error: resource://gre/modules/XULStore.jsm, line 66: Error: Can't find profile directory.
console.warn: SearchSettings: "get: No settings file exists, new profile?" (new Error("", "(unknown module)"))
1604948112623	Marionette	INFO	Listening on port 60500
1604948113100	Marionette	WARN	TLS certificate errors will be ignored for this session
1604948133615	Marionette	INFO	Stopped listening on port 60500

###!!! [Child][RunMessage] Error: Channel closing: too late to send/recv, messages will be lost


###!!! [Child][MessageChannel::SendAndWait] Error: Channel error: cannot send/recv

1604948696444	geckodriver	INFO	Listening on 127.0.0.1:60759
1604948699521	mozrunner::runner	INFO	Running command: "C:\\Program Files\\Mozilla Firefox\\firefox.exe" "--marionette" "-foreground" "-no-remote" "-profile" "C:\\Users\\Eduard\\AppData\\Local\\Temp\\rust_mozprofilebdWMVb"
Can't find symbol 'eglSwapBuffersWithDamageEXT'.
JavaScript error: resource://gre/modules/XULStore.jsm, line 66: Error: Can't find profile directory.
console.warn: SearchSettings: "get: No settings file exists, new profile?" (new Error("", "(unknown module)"))
1604948703465	Marionette	INFO	Listening on port 60768
1604948703726	Marionette	WARN	TLS certificate errors will be ignored for this session
1604948718665	Marionette	INFO	Stopped listening on port 60768

###!!! [Child][RunMessage] Error: Channel closing: too late to send/recv, messages will be lost


###!!! [Child][MessageChannel::SendAndWait] Error: Channel error: cannot send/recv

1604948861938	geckodriver	INFO	Listening on 127.0.0.1:60910
1604948865007	mozrunner::runner	INFO	Running command: "C:\\Program Files\\Mozilla Firefox\\firefox.exe" "--marionette" "-foreground" "-no-remote" "-profile" "C:\\Users\\Eduard\\AppData\\Local\\Temp\\rust_mozprofilePb3kX5"
Can't find symbol 'eglSwapBuffersWithDamageEXT'.
JavaScript error: resource://gre/modules/XULStore.jsm, line 66: Error: Can't find profile directory.
console.warn: SearchSettings: "get: No settings file exists, new profile?" (new Error("", "(unknown module)"))
1604948868766	Marionette	INFO	Listening on port 60919
1604948869212	Marionette	WARN	TLS certificate errors will be ignored for this session
1604948887078	Marionette	INFO	Stopped listening on port 60919

###!!! [Child][MessageChannel::SendAndWait] Error: Channel error: cannot send/recv

1604949140238	geckodriver	INFO	Listening on 127.0.0.1:61089
1604949143334	mozrunner::runner	INFO	Running command: "C:\\Program Files\\Mozilla Firefox\\firefox.exe" "--marionette" "-foreground" "-no-remote" "-profile" "C:\\Users\\Eduard\\AppData\\Local\\Temp\\rust_mozprofilehqKVAB"
Can't find symbol 'eglSwapBuffersWithDamageEXT'.
JavaScript error: resource://gre/modules/XULStore.jsm, line 66: Error: Can't find profile directory.
console.warn: SearchSettings: "get: No settings file exists, new profile?" (new Error("", "(unknown module)"))
1604949147221	Marionette	INFO	Listening on port 61098
1604949147535	Marionette	WARN	TLS certificate errors will be ignored for this session
1604949168386	Marionette	INFO	Stopped listening on port 61098

###!!! [Child][RunMessage] Error: Channel closing: too late to send/recv, messages will be lost


###!!! [Child][MessageChannel::SendAndWait] Error: Channel error: cannot send/recv

1604949252975	geckodriver	INFO	Listening on 127.0.0.1:61193
1604949256068	mozrunner::runner	INFO	Running command: "C:\\Program Files\\Mozilla Firefox\\firefox.exe" "--marionette" "-foreground" "-no-remote" "-profile" "C:\\Users\\Eduard\\AppData\\Local\\Temp\\rust_mozprofilefOlgJu"
Can't find symbol 'eglSwapBuffersWithDamageEXT'.
JavaScript error: resource://gre/modules/XULStore.jsm, line 66: Error: Can't find profile directory.
console.warn: SearchSettings: "get: No settings file exists, new profile?" (new Error("", "(unknown module)"))
1604949259927	Marionette	INFO	Listening on port 61203
1604949260275	Marionette	WARN	TLS certificate errors will be ignored for this session
1604949290035	Marionette	INFO	Stopped listening on port 61203

###!!! [Child][RunMessage] Error: Channel closing: too late to send/recv, messages will be lost


###!!! [Child][MessageChannel::SendAndWait] Error: Channel error: cannot send/recv

1604949398523	geckodriver	INFO	Listening on 127.0.0.1:61304
1604949401616	mozrunner::runner	INFO	Running command: "C:\\Program Files\\Mozilla Firefox\\firefox.exe" "--marionette" "-foreground" "-no-remote" "-profile" "C:\\Users\\Eduard\\AppData\\Local\\Temp\\rust_mozprofileHSb0Bl"
Can't find symbol 'eglSwapBuffersWithDamageEXT'.
JavaScript error: resource://gre/modules/XULStore.jsm, line 66: Error: Can't find profile directory.
console.warn: SearchSettings: "get: No settings file exists, new profile?" (new Error("", "(unknown module)"))
1604949405355	Marionette	INFO	Listening on port 61313
1604949405820	Marionette	WARN	TLS certificate errors will be ignored for this session
1604949423804	Marionette	INFO	Stopped listening on port 61313

###!!! [Child][RunMessage] Error: Channel closing: too late to send/recv, messages will be lost


###!!! [Child][MessageChannel::SendAndWait] Error: Channel error: cannot send/recv

1604949634888	geckodriver	INFO	Listening on 127.0.0.1:61464
1604949637965	mozrunner::runner	INFO	Running command: "C:\\Program Files\\Mozilla Firefox\\firefox.exe" "--marionette" "-foreground" "-no-remote" "-profile" "C:\\Users\\Eduard\\AppData\\Local\\Temp\\rust_mozprofileeDl6Vs"
Can't find symbol 'eglSwapBuffersWithDamageEXT'.
JavaScript error: resource://gre/modules/XULStore.jsm, line 66: Error: Can't find profile directory.
console.warn: SearchSettings: "get: No settings file exists, new profile?" (new Error("", "(unknown module)"))
1604949641779	Marionette	INFO	Listening on port 61473
1604949642169	Marionette	WARN	TLS certificate errors will be ignored for this session
1604949647559	Marionette	WARN	TimedPromise timed out after 500 ms: stacktrace:
TimedPromise/<@chrome://marionette/content/sync.js:228:19
TimedPromise@chrome://marionette/content/sync.js:213:10
interaction.flushEventLoop@chrome://marionette/content/interaction.js:418:10
webdriverClickElement@chrome://marionette/content/interaction.js:179:31
1604949667252	Marionette	INFO	Stopped listening on port 61473
JavaScript error: resource://gre/modules/Prompter.jsm, line 1189: NS_ERROR_NOT_AVAILABLE: prompt aborted by user

###!!! [Child][RunMessage] Error: Channel closing: too late to send/recv, messages will be lost


###!!! [Child][MessageChannel::SendAndWait] Error: Channel error: cannot send/recv

