1604518320493	geckodriver	INFO	Listening on 127.0.0.1:49818
1604518323633	mozrunner::runner	INFO	Running command: "C:\\Program Files\\Mozilla Firefox\\firefox.exe" "--marionette" "-foreground" "-no-remote" "-profile" "C:\\Users\\Eduard\\AppData\\Local\\Temp\\rust_mozprofileuCq8mH"
Can't find symbol 'eglSwapBuffersWithDamageEXT'.
JavaScript error: resource://gre/modules/XULStore.jsm, line 66: Error: Can't find profile directory.
console.warn: SearchSettings: "get: No settings file exists, new profile?" (new Error("", "(unknown module)"))
1604518328818	Marionette	INFO	Listening on port 49826
1604518328990	Marionette	WARN	TLS certificate errors will be ignored for this session
1604518331405	Marionette	INFO	Stopped listening on port 49826

###!!! [Child][RunMessage] Error: Channel closing: too late to send/recv, messages will be lost


###!!! [Child][MessageChannel::SendAndWait] Error: Channel error: cannot send/recv

1604518485262	geckodriver	INFO	Listening on 127.0.0.1:49930
1604518488355	mozrunner::runner	INFO	Running command: "C:\\Program Files\\Mozilla Firefox\\firefox.exe" "--marionette" "-foreground" "-no-remote" "-profile" "C:\\Users\\Eduard\\AppData\\Local\\Temp\\rust_mozprofileBdzLdh"
Can't find symbol 'eglSwapBuffersWithDamageEXT'.
JavaScript error: resource://gre/modules/XULStore.jsm, line 66: Error: Can't find profile directory.
console.warn: SearchSettings: "get: No settings file exists, new profile?" (new Error("", "(unknown module)"))
1604518492148	Marionette	INFO	Listening on port 49940
1604518492563	Marionette	WARN	TLS certificate errors will be ignored for this session
1604518493785	Marionette	WARN	TimedPromise timed out after 500 ms: stacktrace:
TimedPromise/<@chrome://marionette/content/sync.js:228:19
TimedPromise@chrome://marionette/content/sync.js:213:10
interaction.flushEventLoop@chrome://marionette/content/interaction.js:418:10
webdriverClickElement@chrome://marionette/content/interaction.js:179:31
1604518523481	Marionette	INFO	Stopped listening on port 49940
JavaScript error: resource://gre/modules/Prompter.jsm, line 1189: NS_ERROR_NOT_AVAILABLE: prompt aborted by user

###!!! [Child][RunMessage] Error: Channel closing: too late to send/recv, messages will be lost


###!!! [Child][MessageChannel::SendAndWait] Error: Channel error: cannot send/recv

1604518838091	geckodriver	INFO	Listening on 127.0.0.1:50144
1604518841200	mozrunner::runner	INFO	Running command: "C:\\Program Files\\Mozilla Firefox\\firefox.exe" "--marionette" "-foreground" "-no-remote" "-profile" "C:\\Users\\Eduard\\AppData\\Local\\Temp\\rust_mozprofile8LgMKB"
Can't find symbol 'eglSwapBuffersWithDamageEXT'.
JavaScript error: resource://gre/modules/XULStore.jsm, line 66: Error: Can't find profile directory.
console.warn: SearchSettings: "get: No settings file exists, new profile?" (new Error("", "(unknown module)"))
1604518845019	Marionette	INFO	Listening on port 50153
1604518845414	Marionette	WARN	TLS certificate errors will be ignored for this session
1604518847035	Marionette	WARN	TimedPromise timed out after 500 ms: stacktrace:
TimedPromise/<@chrome://marionette/content/sync.js:228:19
TimedPromise@chrome://marionette/content/sync.js:213:10
interaction.flushEventLoop@chrome://marionette/content/interaction.js:418:10
webdriverClickElement@chrome://marionette/content/interaction.js:179:31
1604518876746	Marionette	INFO	Stopped listening on port 50153

###!!! [Child][RunMessage] Error: Channel closing: too late to send/recv, messages will be lost


###!!! [Child][MessageChannel::SendAndWait] Error: Channel error: cannot send/recv

1604519220536	geckodriver	INFO	Listening on 127.0.0.1:50318
1604519223629	mozrunner::runner	INFO	Running command: "C:\\Program Files\\Mozilla Firefox\\firefox.exe" "--marionette" "-foreground" "-no-remote" "-profile" "C:\\Users\\Eduard\\AppData\\Local\\Temp\\rust_mozprofile3yRPil"
Can't find symbol 'eglSwapBuffersWithDamageEXT'.
JavaScript error: resource://gre/modules/XULStore.jsm, line 66: Error: Can't find profile directory.
console.warn: SearchSettings: "get: No settings file exists, new profile?" (new Error("", "(unknown module)"))
1604519227498	Marionette	INFO	Listening on port 50327
1604519227839	Marionette	WARN	TLS certificate errors will be ignored for this session
1604519230968	Marionette	WARN	TimedPromise timed out after 500 ms: stacktrace:
TimedPromise/<@chrome://marionette/content/sync.js:228:19
TimedPromise@chrome://marionette/content/sync.js:213:10
interaction.flushEventLoop@chrome://marionette/content/interaction.js:418:10
webdriverClickElement@chrome://marionette/content/interaction.js:179:31
1604519259706	Marionette	INFO	Stopped listening on port 50327

###!!! [Child][RunMessage] Error: Channel closing: too late to send/recv, messages will be lost


###!!! [Child][MessageChannel::SendAndWait] Error: Channel error: cannot send/recv

1604520003974	geckodriver	INFO	Listening on 127.0.0.1:50736
1604520007052	mozrunner::runner	INFO	Running command: "C:\\Program Files\\Mozilla Firefox\\firefox.exe" "--marionette" "-foreground" "-no-remote" "-profile" "C:\\Users\\Eduard\\AppData\\Local\\Temp\\rust_mozprofileSDLjLG"
Can't find symbol 'eglSwapBuffersWithDamageEXT'.
JavaScript error: resource://gre/modules/XULStore.jsm, line 66: Error: Can't find profile directory.
console.warn: SearchSettings: "get: No settings file exists, new profile?" (new Error("", "(unknown module)"))
1604520010980	Marionette	INFO	Listening on port 50745
1604520011259	Marionette	WARN	TLS certificate errors will be ignored for this session
1604520016411	Marionette	INFO	Stopped listening on port 50745

###!!! [Child][RunMessage] Error: Channel closing: too late to send/recv, messages will be lost


###!!! [Child][MessageChannel::SendAndWait] Error: Channel error: cannot send/recv

1604520032977	geckodriver	INFO	Listening on 127.0.0.1:50802
1604520036071	mozrunner::runner	INFO	Running command: "C:\\Program Files\\Mozilla Firefox\\firefox.exe" "--marionette" "-foreground" "-no-remote" "-profile" "C:\\Users\\Eduard\\AppData\\Local\\Temp\\rust_mozprofile9Vwur4"
Can't find symbol 'eglSwapBuffersWithDamageEXT'.
JavaScript error: resource://gre/modules/XULStore.jsm, line 66: Error: Can't find profile directory.
console.warn: SearchSettings: "get: No settings file exists, new profile?" (new Error("", "(unknown module)"))
1604520039926	Marionette	INFO	Listening on port 50811
1604520040295	Marionette	WARN	TLS certificate errors will be ignored for this session
1604520041300	Marionette	WARN	TimedPromise timed out after 500 ms: stacktrace:
TimedPromise/<@chrome://marionette/content/sync.js:228:19
TimedPromise@chrome://marionette/content/sync.js:213:10
interaction.flushEventLoop@chrome://marionette/content/interaction.js:418:10
webdriverClickElement@chrome://marionette/content/interaction.js:179:31
1604520071009	Marionette	INFO	Stopped listening on port 50811
JavaScript error: resource://gre/modules/Prompter.jsm, line 1189: NS_ERROR_NOT_AVAILABLE: prompt aborted by user

###!!! [Child][RunMessage] Error: Channel closing: too late to send/recv, messages will be lost


###!!! [Child][MessageChannel::SendAndWait] Error: Channel error: cannot send/recv

1604520895781	geckodriver	INFO	Listening on 127.0.0.1:51031
1604520898874	mozrunner::runner	INFO	Running command: "C:\\Program Files\\Mozilla Firefox\\firefox.exe" "--marionette" "-foreground" "-no-remote" "-profile" "C:\\Users\\Eduard\\AppData\\Local\\Temp\\rust_mozprofileWfCQf6"
Can't find symbol 'eglSwapBuffersWithDamageEXT'.
JavaScript error: resource://gre/modules/XULStore.jsm, line 66: Error: Can't find profile directory.
console.warn: SearchSettings: "get: No settings file exists, new profile?" (new Error("", "(unknown module)"))
1604520902667	Marionette	INFO	Listening on port 51040
1604520903083	Marionette	WARN	TLS certificate errors will be ignored for this session
1604520914976	Marionette	INFO	Stopped listening on port 51040

###!!! [Child][RunMessage] Error: Channel closing: too late to send/recv, messages will be lost


###!!! [Child][MessageChannel::SendAndWait] Error: Channel error: cannot send/recv

1604521075667	geckodriver	INFO	Listening on 127.0.0.1:51163
1604521078745	mozrunner::runner	INFO	Running command: "C:\\Program Files\\Mozilla Firefox\\firefox.exe" "--marionette" "-foreground" "-no-remote" "-profile" "C:\\Users\\Eduard\\AppData\\Local\\Temp\\rust_mozprofileN6ROuk"
Can't find symbol 'eglSwapBuffersWithDamageEXT'.
JavaScript error: resource://gre/modules/XULStore.jsm, line 66: Error: Can't find profile directory.
console.warn: SearchSettings: "get: No settings file exists, new profile?" (new Error("", "(unknown module)"))
1604521082575	Marionette	INFO	Listening on port 51173
1604521082947	Marionette	WARN	TLS certificate errors will be ignored for this session
1604521094646	Marionette	INFO	Stopped listening on port 51173

###!!! [Child][RunMessage] Error: Channel closing: too late to send/recv, messages will be lost


###!!! [Child][MessageChannel::SendAndWait] Error: Channel error: cannot send/recv

1604521107026	geckodriver	INFO	Listening on 127.0.0.1:51230
1604521110119	mozrunner::runner	INFO	Running command: "C:\\Program Files\\Mozilla Firefox\\firefox.exe" "--marionette" "-foreground" "-no-remote" "-profile" "C:\\Users\\Eduard\\AppData\\Local\\Temp\\rust_mozprofilelz869R"
Can't find symbol 'eglSwapBuffersWithDamageEXT'.
JavaScript error: resource://gre/modules/XULStore.jsm, line 66: Error: Can't find profile directory.
console.warn: SearchSettings: "get: No settings file exists, new profile?" (new Error("", "(unknown module)"))
1604521113937	Marionette	INFO	Listening on port 51239
1604521114338	Marionette	WARN	TLS certificate errors will be ignored for this session
console.warn: LoginRecipes: "getRecipes: falling back to a synchronous message for:" "http://suninjuly.github.io"
1604521298823	geckodriver	INFO	Listening on 127.0.0.1:51364
1604521301916	mozrunner::runner	INFO	Running command: "C:\\Program Files\\Mozilla Firefox\\firefox.exe" "--marionette" "-foreground" "-no-remote" "-profile" "C:\\Users\\Eduard\\AppData\\Local\\Temp\\rust_mozprofileZBg4UV"
Can't find symbol 'eglSwapBuffersWithDamageEXT'.
JavaScript error: resource://gre/modules/XULStore.jsm, line 66: Error: Can't find profile directory.
console.warn: SearchSettings: "get: No settings file exists, new profile?" (new Error("", "(unknown module)"))
1604521305664	Marionette	INFO	Listening on port 51373
1604521306125	Marionette	WARN	TLS certificate errors will be ignored for this session
1604521316700	Marionette	INFO	Stopped listening on port 51373

###!!! [Child][RunMessage] Error: Channel closing: too late to send/recv, messages will be lost


###!!! [Child][MessageChannel::SendAndWait] Error: Channel error: cannot send/recv

1604521337701	geckodriver	INFO	Listening on 127.0.0.1:51435
1604521340787	mozrunner::runner	INFO	Running command: "C:\\Program Files\\Mozilla Firefox\\firefox.exe" "--marionette" "-foreground" "-no-remote" "-profile" "C:\\Users\\Eduard\\AppData\\Local\\Temp\\rust_mozprofileM5nPhv"
Can't find symbol 'eglSwapBuffersWithDamageEXT'.
JavaScript error: resource://gre/modules/XULStore.jsm, line 66: Error: Can't find profile directory.
console.warn: SearchSettings: "get: No settings file exists, new profile?" (new Error("", "(unknown module)"))
1604521344506	Marionette	INFO	Listening on port 51444
1604521344977	Marionette	WARN	TLS certificate errors will be ignored for this session
1604521351163	Marionette	INFO	Stopped listening on port 51444

###!!! [Child][RunMessage] Error: Channel closing: too late to send/recv, messages will be lost


###!!! [Child][MessageChannel::SendAndWait] Error: Channel error: cannot send/recv

1604521397249	geckodriver	INFO	Listening on 127.0.0.1:51514
1604521400342	mozrunner::runner	INFO	Running command: "C:\\Program Files\\Mozilla Firefox\\firefox.exe" "--marionette" "-foreground" "-no-remote" "-profile" "C:\\Users\\Eduard\\AppData\\Local\\Temp\\rust_mozprofileszhSfK"
Can't find symbol 'eglSwapBuffersWithDamageEXT'.
JavaScript error: resource://gre/modules/XULStore.jsm, line 66: Error: Can't find profile directory.
console.warn: SearchSettings: "get: No settings file exists, new profile?" (new Error("", "(unknown module)"))
1604521404128	Marionette	INFO	Listening on port 51523
1604521404545	Marionette	WARN	TLS certificate errors will be ignored for this session
1604521416508	Marionette	INFO	Stopped listening on port 51523

###!!! [Child][RunMessage] Error: Channel closing: too late to send/recv, messages will be lost


###!!! [Child][MessageChannel::SendAndWait] Error: Channel error: cannot send/recv

1604521538120	geckodriver	INFO	Listening on 127.0.0.1:51587
1604521541201	mozrunner::runner	INFO	Running command: "C:\\Program Files\\Mozilla Firefox\\firefox.exe" "--marionette" "-foreground" "-no-remote" "-profile" "C:\\Users\\Eduard\\AppData\\Local\\Temp\\rust_mozprofile9XOr5Z"
Can't find symbol 'eglSwapBuffersWithDamageEXT'.
JavaScript error: resource://gre/modules/XULStore.jsm, line 66: Error: Can't find profile directory.
console.warn: SearchSettings: "get: No settings file exists, new profile?" (new Error("", "(unknown module)"))
1604521545026	Marionette	INFO	Listening on port 51595
1604521545382	Marionette	WARN	TLS certificate errors will be ignored for this session
1604521558596	Marionette	INFO	Stopped listening on port 51595

###!!! [Child][RunMessage] Error: Channel closing: too late to send/recv, messages will be lost


###!!! [Child][MessageChannel::SendAndWait] Error: Channel error: cannot send/recv

1604522054357	geckodriver	INFO	Listening on 127.0.0.1:51802
1604522057434	mozrunner::runner	INFO	Running command: "C:\\Program Files\\Mozilla Firefox\\firefox.exe" "--marionette" "-foreground" "-no-remote" "-profile" "C:\\Users\\Eduard\\AppData\\Local\\Temp\\rust_mozprofilefFHXIi"
Can't find symbol 'eglSwapBuffersWithDamageEXT'.
JavaScript error: resource://gre/modules/XULStore.jsm, line 66: Error: Can't find profile directory.
console.warn: SearchSettings: "get: No settings file exists, new profile?" (new Error("", "(unknown module)"))
1604522061369	Marionette	INFO	Listening on port 51812
1604522061632	Marionette	WARN	TLS certificate errors will be ignored for this session
1604522072149	Marionette	INFO	Stopped listening on port 51812

###!!! [Child][RunMessage] Error: Channel closing: too late to send/recv, messages will be lost


###!!! [Child][MessageChannel::SendAndWait] Error: Channel error: cannot send/recv

1604522096285	geckodriver	INFO	Listening on 127.0.0.1:51870
1604522099362	mozrunner::runner	INFO	Running command: "C:\\Program Files\\Mozilla Firefox\\firefox.exe" "--marionette" "-foreground" "-no-remote" "-profile" "C:\\Users\\Eduard\\AppData\\Local\\Temp\\rust_mozprofile19osEx"
Can't find symbol 'eglSwapBuffersWithDamageEXT'.
JavaScript error: resource://gre/modules/XULStore.jsm, line 66: Error: Can't find profile directory.
console.warn: SearchSettings: "get: No settings file exists, new profile?" (new Error("", "(unknown module)"))
1604522103062	Marionette	INFO	Listening on port 51879
1604522103534	Marionette	WARN	TLS certificate errors will be ignored for this session
1604522114470	Marionette	INFO	Stopped listening on port 51879

###!!! [Child][RunMessage] Error: Channel closing: too late to send/recv, messages will be lost


###!!! [Child][MessageChannel::SendAndWait] Error: Channel error: cannot send/recv

1604522258709	geckodriver	INFO	Listening on 127.0.0.1:51991
1604522261781	mozrunner::runner	INFO	Running command: "C:\\Program Files\\Mozilla Firefox\\firefox.exe" "--marionette" "-foreground" "-no-remote" "-profile" "C:\\Users\\Eduard\\AppData\\Local\\Temp\\rust_mozprofile26v8Fd"
Can't find symbol 'eglSwapBuffersWithDamageEXT'.
JavaScript error: resource://gre/modules/XULStore.jsm, line 66: Error: Can't find profile directory.
console.warn: SearchSettings: "get: No settings file exists, new profile?" (new Error("", "(unknown module)"))
1604522265629	Marionette	INFO	Listening on port 52000
1604522265990	Marionette	WARN	TLS certificate errors will be ignored for this session
1604522269577	Marionette	INFO	Stopped listening on port 52000

###!!! [Child][RunMessage] Error: Channel closing: too late to send/recv, messages will be lost


###!!! [Child][MessageChannel::SendAndWait] Error: Channel error: cannot send/recv

1604522504793	geckodriver	INFO	Listening on 127.0.0.1:52147
1604522507871	mozrunner::runner	INFO	Running command: "C:\\Program Files\\Mozilla Firefox\\firefox.exe" "--marionette" "-foreground" "-no-remote" "-profile" "C:\\Users\\Eduard\\AppData\\Local\\Temp\\rust_mozprofilezPzOey"
Can't find symbol 'eglSwapBuffersWithDamageEXT'.
JavaScript error: resource://gre/modules/XULStore.jsm, line 66: Error: Can't find profile directory.
console.warn: SearchSettings: "get: No settings file exists, new profile?" (new Error("", "(unknown module)"))
1604522511689	Marionette	INFO	Listening on port 52157
1604522512086	Marionette	WARN	TLS certificate errors will be ignored for this session
1604522522623	Marionette	INFO	Stopped listening on port 52157

###!!! [Child][RunMessage] Error: Channel closing: too late to send/recv, messages will be lost


###!!! [Child][MessageChannel::SendAndWait] Error: Channel error: cannot send/recv

1604522599926	geckodriver	INFO	Listening on 127.0.0.1:52234
1604522603019	mozrunner::runner	INFO	Running command: "C:\\Program Files\\Mozilla Firefox\\firefox.exe" "--marionette" "-foreground" "-no-remote" "-profile" "C:\\Users\\Eduard\\AppData\\Local\\Temp\\rust_mozprofileWs0lgf"
Can't find symbol 'eglSwapBuffersWithDamageEXT'.
JavaScript error: resource://gre/modules/XULStore.jsm, line 66: Error: Can't find profile directory.
console.warn: SearchSettings: "get: No settings file exists, new profile?" (new Error("", "(unknown module)"))
1604522606914	Marionette	INFO	Listening on port 52243
1604522607230	Marionette	WARN	TLS certificate errors will be ignored for this session
1604522610634	Marionette	INFO	Stopped listening on port 52243

###!!! [Child][RunMessage] Error: Channel closing: too late to send/recv, messages will be lost


###!!! [Child][MessageChannel::SendAndWait] Error: Channel error: cannot send/recv

