1604610671708	geckodriver	INFO	Listening on 127.0.0.1:53721
1604610674832	mozrunner::runner	INFO	Running command: "C:\\Program Files\\Mozilla Firefox\\firefox.exe" "--marionette" "-foreground" "-no-remote" "-profile" "C:\\Users\\Eduard\\AppData\\Local\\Temp\\rust_mozprofile8VD27y"
Can't find symbol 'eglSwapBuffersWithDamageEXT'.
JavaScript error: resource://gre/modules/XULStore.jsm, line 66: Error: Can't find profile directory.
console.warn: SearchSettings: "get: No settings file exists, new profile?" (new Error("", "(unknown module)"))
1604610679744	Marionette	INFO	Listening on port 53730
1604610680179	Marionette	WARN	TLS certificate errors will be ignored for this session
1604610682000	Marionette	WARN	TimedPromise timed out after 500 ms: stacktrace:
TimedPromise/<@chrome://marionette/content/sync.js:228:19
TimedPromise@chrome://marionette/content/sync.js:213:10
interaction.flushEventLoop@chrome://marionette/content/interaction.js:418:10
webdriverClickElement@chrome://marionette/content/interaction.js:179:31
1604610711714	Marionette	INFO	Stopped listening on port 53730
JavaScript error: resource://gre/modules/Prompter.jsm, line 1189: NS_ERROR_NOT_AVAILABLE: prompt aborted by user

###!!! [Child][RunMessage] Error: Channel closing: too late to send/recv, messages will be lost


###!!! [Child][MessageChannel::SendAndWait] Error: Channel error: cannot send/recv

1604611250954	geckodriver	INFO	Listening on 127.0.0.1:54033
1604611254034	mozrunner::runner	INFO	Running command: "C:\\Program Files\\Mozilla Firefox\\firefox.exe" "--marionette" "-foreground" "-no-remote" "-profile" "C:\\Users\\Eduard\\AppData\\Local\\Temp\\rust_mozprofilePVReSZ"
Can't find symbol 'eglSwapBuffersWithDamageEXT'.
JavaScript error: resource://gre/modules/XULStore.jsm, line 66: Error: Can't find profile directory.
console.warn: SearchSettings: "get: No settings file exists, new profile?" (new Error("", "(unknown module)"))
1604611257868	Marionette	INFO	Listening on port 54042
1604611258256	Marionette	WARN	TLS certificate errors will be ignored for this session
1604611264711	Marionette	INFO	Stopped listening on port 54042

###!!! [Child][RunMessage] Error: Channel closing: too late to send/recv, messages will be lost


###!!! [Child][MessageChannel::SendAndWait] Error: Channel error: cannot send/recv

1604611278610	geckodriver	INFO	Listening on 127.0.0.1:54091
1604611281699	mozrunner::runner	INFO	Running command: "C:\\Program Files\\Mozilla Firefox\\firefox.exe" "--marionette" "-foreground" "-no-remote" "-profile" "C:\\Users\\Eduard\\AppData\\Local\\Temp\\rust_mozprofilePgzoqp"
Can't find symbol 'eglSwapBuffersWithDamageEXT'.
JavaScript error: resource://gre/modules/XULStore.jsm, line 66: Error: Can't find profile directory.
console.warn: SearchSettings: "get: No settings file exists, new profile?" (new Error("", "(unknown module)"))
1604611285697	Marionette	INFO	Listening on port 54101
1604611285889	Marionette	WARN	TLS certificate errors will be ignored for this session
1604611293961	Marionette	INFO	Stopped listening on port 54101

###!!! [Child][RunMessage] Error: Channel closing: too late to send/recv, messages will be lost


###!!! [Child][MessageChannel::SendAndWait] Error: Channel error: cannot send/recv

1604611463674	geckodriver	INFO	Listening on 127.0.0.1:54227
1604611466752	mozrunner::runner	INFO	Running command: "C:\\Program Files\\Mozilla Firefox\\firefox.exe" "--marionette" "-foreground" "-no-remote" "-profile" "C:\\Users\\Eduard\\AppData\\Local\\Temp\\rust_mozprofilefAF9zJ"
Can't find symbol 'eglSwapBuffersWithDamageEXT'.
JavaScript error: resource://gre/modules/XULStore.jsm, line 66: Error: Can't find profile directory.
console.warn: SearchSettings: "get: No settings file exists, new profile?" (new Error("", "(unknown module)"))
1604611470426	Marionette	INFO	Listening on port 54236
1604611470465	Marionette	WARN	TLS certificate errors will be ignored for this session
1604611484182	Marionette	INFO	Stopped listening on port 54236

###!!! [Child][RunMessage] Error: Channel closing: too late to send/recv, messages will be lost


###!!! [Child][MessageChannel::SendAndWait] Error: Channel error: cannot send/recv

1604611489651	geckodriver	INFO	Listening on 127.0.0.1:54285
1604611492744	mozrunner::runner	INFO	Running command: "C:\\Program Files\\Mozilla Firefox\\firefox.exe" "--marionette" "-foreground" "-no-remote" "-profile" "C:\\Users\\Eduard\\AppData\\Local\\Temp\\rust_mozprofilekWKppa"
Can't find symbol 'eglSwapBuffersWithDamageEXT'.
JavaScript error: resource://gre/modules/XULStore.jsm, line 66: Error: Can't find profile directory.
console.warn: SearchSettings: "get: No settings file exists, new profile?" (new Error("", "(unknown module)"))
1604611496578	Marionette	INFO	Listening on port 54295
1604611496965	Marionette	WARN	TLS certificate errors will be ignored for this session
1604611527365	Marionette	INFO	Stopped listening on port 54295

###!!! [Child][RunMessage] Error: Channel closing: too late to send/recv, messages will be lost


###!!! [Child][MessageChannel::SendAndWait] Error: Channel error: cannot send/recv

1604611581358	geckodriver	INFO	Listening on 127.0.0.1:54372
1604611584451	mozrunner::runner	INFO	Running command: "C:\\Program Files\\Mozilla Firefox\\firefox.exe" "--marionette" "-foreground" "-no-remote" "-profile" "C:\\Users\\Eduard\\AppData\\Local\\Temp\\rust_mozprofiledsGd69"
Can't find symbol 'eglSwapBuffersWithDamageEXT'.
JavaScript error: resource://gre/modules/XULStore.jsm, line 66: Error: Can't find profile directory.
console.warn: SearchSettings: "get: No settings file exists, new profile?" (new Error("", "(unknown module)"))
1604611588448	Marionette	INFO	Listening on port 54382
1604611588662	Marionette	WARN	TLS certificate errors will be ignored for this session
1604611590122	Marionette	WARN	TimedPromise timed out after 500 ms: stacktrace:
TimedPromise/<@chrome://marionette/content/sync.js:228:19
TimedPromise@chrome://marionette/content/sync.js:213:10
interaction.flushEventLoop@chrome://marionette/content/interaction.js:418:10
webdriverClickElement@chrome://marionette/content/interaction.js:179:31
1604611619830	Marionette	INFO	Stopped listening on port 54382
JavaScript error: resource://gre/modules/Prompter.jsm, line 1189: NS_ERROR_NOT_AVAILABLE: prompt aborted by user

###!!! [Child][RunMessage] Error: Channel closing: too late to send/recv, messages will be lost


###!!! [Child][MessageChannel::SendAndWait] Error: Channel error: cannot send/recv

